<?xml version="1.0" encoding="UTF-8"?>
<!-- Generated by org.testng.reporters.JUnitXMLReporter -->
<testsuite ignored="1" hostname="MSI" failures="0" tests="1" name="Default test" time="23.505" errors="0" timestamp="23 Oct 2022 19:35:35 GMT">
  <testcase classname="com.bhuvanesh.testcases.HomePageTest" name="clickContacts" time="9.111"/>
  <testcase classname="com.bhuvanesh.testcases.HomePageTest" name="verifyUserName" time="0.0">
    <ignored/>
  </testcase> <!-- verifyUserName -->
</testsuite> <!-- Default test -->
