<?xml version="1.0" encoding="UTF-8"?>
<testng-results ignored="1" total="2" passed="1" failed="0" skipped="0">
  <reporter-output>
  </reporter-output>
  <suite started-at="2022-10-23T19:35:11Z" name="Default suite" finished-at="2022-10-23T19:35:35Z" duration-ms="23505">
    <groups>
    </groups>
    <test started-at="2022-10-23T19:35:11Z" name="Default test" finished-at="2022-10-23T19:35:35Z" duration-ms="23505">
      <class name="com.bhuvanesh.testcases.HomePageTest">
        <test-method is-config="true" signature="setup()[pri:0, instance:com.bhuvanesh.testcases.HomePageTest@6be968ce]" started-at="2022-10-24T01:05:11Z" name="setup" finished-at="2022-10-24T01:05:25Z" duration-ms="14173" status="PASS">
          <reporter-output>
          </reporter-output>
        </test-method> <!-- setup -->
        <test-method signature="clickContacts()[pri:0, instance:com.bhuvanesh.testcases.HomePageTest@6be968ce]" started-at="2022-10-24T01:05:25Z" name="clickContacts" finished-at="2022-10-24T01:05:35Z" duration-ms="9111" status="PASS">
          <reporter-output>
          </reporter-output>
        </test-method> <!-- clickContacts -->
        <test-method is-config="true" signature="teardown()[pri:0, instance:com.bhuvanesh.testcases.HomePageTest@6be968ce]" started-at="2022-10-24T01:05:35Z" name="teardown" finished-at="2022-10-24T01:05:35Z" duration-ms="199" status="PASS">
          <reporter-output>
          </reporter-output>
        </test-method> <!-- teardown -->
      </class> <!-- com.bhuvanesh.testcases.HomePageTest -->
    </test> <!-- Default test -->
  </suite> <!-- Default suite -->
</testng-results>
